#
# There is insufficient memory for the Java Runtime Environment to continue.
# Native memory allocation (malloc) failed to allocate 201296 bytes for Chunk::new
# Possible reasons:
#   The system is out of physical RAM or swap space
#   In 32 bit mode, the process size limit was hit
# Possible solutions:
#   Reduce memory load on the system
#   Increase physical memory or swap space
#   Check if swap backing store is full
#   Use 64 bit Java on a 64 bit OS
#   Decrease Java heap size (-Xmx/-Xms)
#   Decrease number of Java threads
#   Decrease Java thread stack sizes (-Xss)
#   Set larger code cache with -XX:ReservedCodeCacheSize=
# This output file may be truncated or incomplete.
#
#  Out of Memory Error (allocation.cpp:390), pid=7192, tid=12692
#
# JRE version: Java(TM) SE Runtime Environment (8.0_91-b15) (build 1.8.0_91-b15)
# Java VM: Java HotSpot(TM) 64-Bit Server VM (25.91-b15 mixed mode windows-amd64 compressed oops)
# Failed to write core dump. Minidumps are not enabled by default on client versions of Windows
#

---------------  T H R E A D  ---------------

Current thread (0x000000001da47000):  JavaThread "C2 CompilerThread1" daemon [_thread_in_native, id=12692, stack(0x000000001f340000,0x000000001f440000)]

Stack: [0x000000001f340000,0x000000001f440000]
[error occurred during error reporting (printing stack bounds), id 0xc0000005]

Native frames: (J=compiled Java code, j=interpreted, Vv=VM code, C=native code)


Current CompileTask:
C2:58129165 12526       4       sun.security.util.AbstractAlgorithmConstraints::checkAlgorithm (138 bytes)


---------------  P R O C E S S  ---------------

Java Threads: ( => current thread )
  0x00000000251cc000 JavaThread "ForkJoinPool-2-worker-9" daemon [_thread_blocked, id=10848, stack(0x000000001efb0000,0x000000001f0b0000)]
  0x00000000251d4800 JavaThread "ForkJoinPool-2-worker-15" daemon [_thread_blocked, id=1452, stack(0x0000000026110000,0x0000000026210000)]
  0x00000000251d6800 JavaThread "ForkJoinPool-2-worker-11" daemon [_thread_blocked, id=12144, stack(0x0000000027a50000,0x0000000027b50000)]
  0x0000000024e6c000 JavaThread "play-fork-run-akka.actor.default-dispatcher-25" [_thread_blocked, id=7628, stack(0x000000002f5c0000,0x000000002f6c0000)]
  0x0000000024e6b000 JavaThread "play-fork-run-akka.actor.default-dispatcher-24" [_thread_blocked, id=9332, stack(0x0000000027ee0000,0x0000000027fe0000)]
  0x0000000024e6c800 JavaThread "play-fork-run-akka.actor.default-dispatcher-23" [_thread_blocked, id=3840, stack(0x000000002f830000,0x000000002f930000)]
  0x0000000024e6f000 JavaThread "play-fork-run-akka.actor.default-dispatcher-22" [_thread_blocked, id=6792, stack(0x000000002f6d0000,0x000000002f7d0000)]
  0x00000000240d6800 JavaThread "play-fork-run-akka.actor.default-dispatcher-21" [_thread_blocked, id=7084, stack(0x0000000029ea0000,0x0000000029fa0000)]
  0x00000000240d5000 JavaThread "play-fork-run-akka.actor.default-dispatcher-19" [_thread_blocked, id=5388, stack(0x000000002f430000,0x000000002f530000)]
  0x00000000240d4000 JavaThread "play-fork-run-akka.actor.default-dispatcher-18" [_thread_blocked, id=4832, stack(0x00000000207b0000,0x00000000208b0000)]
  0x00000000240d1000 JavaThread "play-fork-run-akka.actor.default-dispatcher-17" [_thread_blocked, id=8648, stack(0x000000002e720000,0x000000002e820000)]
  0x00000000251ca800 JavaThread "ForkJoinPool-2-worker-3" daemon [_thread_blocked, id=11644, stack(0x000000002f280000,0x000000002f380000)]
  0x00000000251d2000 JavaThread "ForkJoinPool-2-worker-1" daemon [_thread_blocked, id=2328, stack(0x0000000025f40000,0x0000000026040000)]
  0x00000000251c9800 JavaThread "ForkJoinPool-2-worker-13" daemon [_thread_blocked, id=3320, stack(0x0000000025d10000,0x0000000025e10000)]
  0x00000000251c8000 JavaThread "ForkJoinPool-2-worker-7" daemon [_thread_blocked, id=7224, stack(0x0000000025e20000,0x0000000025f20000)]
  0x00000000240d3800 JavaThread "netty-event-loop-7" [_thread_in_native, id=6904, stack(0x000000002d790000,0x000000002d890000)]
  0x00000000240d2800 JavaThread "netty-event-loop-6" [_thread_in_native, id=9636, stack(0x000000002d600000,0x000000002d700000)]
  0x0000000024e6a800 JavaThread "netty-event-loop-5" [_thread_in_native, id=1136, stack(0x000000002d480000,0x000000002d580000)]
  0x0000000024e69800 JavaThread "netty-event-loop-4" [_thread_in_native, id=9608, stack(0x000000002cba0000,0x000000002cca0000)]
  0x0000000024e69000 JavaThread "application-akka.actor.default-dispatcher-9" [_thread_blocked, id=13152, stack(0x000000002d110000,0x000000002d210000)]
  0x0000000024e68000 JavaThread "application-akka.actor.default-dispatcher-8" [_thread_blocked, id=12364, stack(0x000000002cff0000,0x000000002d0f0000)]
  0x0000000024060800 JavaThread "application-akka.actor.default-dispatcher-7" [_thread_blocked, id=12600, stack(0x000000002cec0000,0x000000002cfc0000)]
  0x000000002405f800 JavaThread "application-akka.actor.default-dispatcher-6" [_thread_blocked, id=10488, stack(0x000000002cd40000,0x000000002ce40000)]
  0x000000002405f000 JavaThread "application-akka.actor.default-dispatcher-5" [_thread_blocked, id=12876, stack(0x000000002caa0000,0x000000002cba0000)]
  0x000000002405e000 JavaThread "application-akka.actor.default-dispatcher-4" [_thread_in_native, id=9460, stack(0x000000002c980000,0x000000002ca80000)]
  0x000000002405d800 JavaThread "application-akka.actor.default-dispatcher-3" [_thread_blocked, id=7956, stack(0x000000002bde0000,0x000000002bee0000)]
  0x000000002405c800 JavaThread "application-akka.actor.default-dispatcher-2" [_thread_blocked, id=4856, stack(0x000000002c4c0000,0x000000002c5c0000)]
  0x000000002405c000 JavaThread "application-scheduler-1" [_thread_blocked, id=11172, stack(0x000000002ba60000,0x000000002bb60000)]
  0x000000002405b000 JavaThread "net.sf.ehcache.CacheManager@432a92aa" daemon [_thread_blocked, id=11044, stack(0x0000000029b90000,0x0000000029c90000)]
  0x0000000024059800 JavaThread "Hikari housekeeper (pool HikariPool-0)" daemon [_thread_blocked, id=10928, stack(0x000000002c360000,0x000000002c460000)]
  0x00000000215ef000 JavaThread "Abandoned connection cleanup thread" daemon [_thread_blocked, id=10224, stack(0x000000002c1b0000,0x000000002c2b0000)]
  0x00000000215ee800 JavaThread "AsyncAppender-Worker-ASYNCSTDOUT" daemon [_thread_blocked, id=11476, stack(0x000000002b4b0000,0x000000002b5b0000)]
  0x00000000215ed800 JavaThread "AsyncAppender-Worker-ASYNCFILE" daemon [_thread_blocked, id=1444, stack(0x000000002b330000,0x000000002b430000)]
  0x00000000215ed000 JavaThread "play-fork-run-akka.actor.default-dispatcher-16" [_thread_blocked, id=7924, stack(0x000000002b1b0000,0x000000002b2b0000)]
  0x00000000215ec000 JavaThread "play-fork-run-akka.actor.default-dispatcher-15" [_thread_blocked, id=4448, stack(0x000000002ad40000,0x000000002ae40000)]
  0x00000000215eb800 JavaThread "play-fork-run-akka.actor.default-dispatcher-14" [_thread_blocked, id=11020, stack(0x000000002afc0000,0x000000002b0c0000)]
  0x00000000215ea800 JavaThread "play-fork-run-akka.actor.default-dispatcher-13" [_thread_blocked, id=6308, stack(0x000000002ae80000,0x000000002af80000)]
  0x00000000215ea000 JavaThread "play-fork-run-akka.actor.default-dispatcher-12" [_thread_blocked, id=13096, stack(0x000000002ac20000,0x000000002ad20000)]
  0x00000000215e9000 JavaThread "play-fork-run-akka.actor.default-dispatcher-11" [_thread_blocked, id=7808, stack(0x0000000029d90000,0x0000000029e90000)]
  0x00000000215e8800 JavaThread "play-fork-run-akka.actor.default-dispatcher-10" [_thread_blocked, id=3660, stack(0x0000000025af0000,0x0000000025bf0000)]
  0x00000000251cd800 JavaThread "netty-event-loop-3" [_thread_in_native, id=3728, stack(0x00000000275c0000,0x00000000276c0000)]
  0x00000000251d3800 JavaThread "netty-event-loop-2" [_thread_in_native, id=5408, stack(0x000000002a540000,0x000000002a640000)]
  0x00000000251d1800 JavaThread "play-dev-mode-akka.actor.default-dispatcher-2" [_thread_blocked, id=7888, stack(0x0000000029c90000,0x0000000029d90000)]
  0x00000000251d0800 JavaThread "play-dev-mode-scheduler-1" [_thread_blocked, id=12004, stack(0x0000000026330000,0x0000000026430000)]
  0x00000000251cf000 JavaThread "sbt-play-watch-service" daemon [_thread_blocked, id=8236, stack(0x0000000026210000,0x0000000026310000)]
  0x00000000251ce800 JavaThread "Thread-3" daemon [_thread_in_native, id=10712, stack(0x0000000025c00000,0x0000000025d00000)]
  0x00000000251cd000 JavaThread "play-fork-run-akka.actor.default-dispatcher-9" [_thread_blocked, id=6024, stack(0x0000000027ff0000,0x00000000280f0000)]
  0x00000000251cb800 JavaThread "play-fork-run-akka.actor.default-dispatcher-7" [_thread_blocked, id=6036, stack(0x0000000027bd0000,0x0000000027cd0000)]
  0x000000002521c000 JavaThread "play-fork-run-akka.actor.default-dispatcher-6" [_thread_blocked, id=5132, stack(0x0000000026480000,0x0000000026580000)]
  0x0000000022d68800 JavaThread "Thread-2" [_thread_in_native, id=12568, stack(0x0000000020ff0000,0x00000000210f0000)]
  0x000000001fc45000 JavaThread "play-fork-run-akka.actor.default-dispatcher-5" [_thread_blocked, id=12856, stack(0x00000000208c0000,0x00000000209c0000)]
  0x000000001fc15800 JavaThread "play-fork-run-akka.actor.default-dispatcher-4" [_thread_blocked, id=7860, stack(0x00000000206b0000,0x00000000207b0000)]
  0x000000001fbd8000 JavaThread "play-fork-run-akka.actor.default-dispatcher-2" [_thread_blocked, id=7904, stack(0x00000000204d0000,0x00000000205d0000)]
  0x000000001fb4e800 JavaThread "play-fork-run-scheduler-1" [_thread_blocked, id=12892, stack(0x0000000020060000,0x0000000020160000)]
  0x000000001dad8800 JavaThread "Service Thread" daemon [_thread_blocked, id=10300, stack(0x000000001ebd0000,0x000000001ecd0000)]
  0x000000001da59000 JavaThread "C1 CompilerThread3" daemon [_thread_blocked, id=11144, stack(0x000000001f6e0000,0x000000001f7e0000)]
  0x000000001da57800 JavaThread "C2 CompilerThread2" daemon [_thread_blocked, id=13304, stack(0x000000001f510000,0x000000001f610000)]
=>0x000000001da47000 JavaThread "C2 CompilerThread1" daemon [_thread_in_native, id=12692, stack(0x000000001f340000,0x000000001f440000)]
  0x000000001da33800 JavaThread "C2 CompilerThread0" daemon [_thread_blocked, id=2856, stack(0x000000001f0b0000,0x000000001f1b0000)]
  0x000000001da30000 JavaThread "Attach Listener" daemon [_thread_blocked, id=9612, stack(0x000000001eea0000,0x000000001efa0000)]
  0x000000001da2e800 JavaThread "Signal Dispatcher" daemon [_thread_blocked, id=8308, stack(0x000000001e990000,0x000000001ea90000)]
  0x000000001c86e000 JavaThread "Finalizer" daemon [_thread_blocked, id=10732, stack(0x0000000013530000,0x0000000013630000)]
  0x000000001c867800 JavaThread "Reference Handler" daemon [_thread_blocked, id=2632, stack(0x000000001ecd0000,0x000000001edd0000)]
  0x000000000246f800 JavaThread "main" [_thread_in_native, id=10184, stack(0x0000000002780000,0x0000000002880000)]

Other Threads:
  0x000000001d9e2000 VMThread [stack: 0x000000001eaa0000,0x000000001eba0000] [id=6552]
  0x000000001db0f000 WatcherThread [stack: 0x000000001f1b0000,0x000000001f2b0000] [id=11904]

VM state:not at safepoint (normal execution)

VM Mutex/Monitor currently owned by a thread: None

Heap:
 PSYoungGen      total 192512K, used 128625K [0x000000076b200000, 0x0000000778d80000, 0x00000007c0000000)
  eden space 188416K, 66% used [0x000000076b200000,0x0000000772b9cd50,0x0000000776a00000)
  from space 4096K, 99% used [0x0000000777700000,0x0000000777aff980,0x0000000777b00000)
  to   space 13312K, 0% used [0x0000000776a00000,0x0000000776a00000,0x0000000777700000)
 ParOldGen       total 1016320K, used 928047K [0x00000006c1600000, 0x00000006ff680000, 0x000000076b200000)
  object space 1016320K, 91% used [0x00000006c1600000,0x00000006fa04bd18,0x00000006ff680000)
 Metaspace       used 82863K, capacity 83526K, committed 84132K, reserved 1122304K
  class space    used 11474K, capacity 11655K, committed 11724K, reserved 1048576K

Card table byte_map: [0x0000000011f10000,0x0000000012710000] byte_map_base: 0x000000000e905000

Marking Bits: (ParMarkBitMap*) 0x000000006fda2f70
 Begin Bits: [0x0000000013730000, 0x00000000176d8000)
 End Bits:   [0x00000000176d8000, 0x000000001b680000)

Polling page: 0x0000000000130000

CodeCache: size=245760Kb used=28532Kb max_used=29982Kb free=217227Kb
 bounds [0x0000000002b50000, 0x00000000048f0000, 0x0000000011b50000]
 total_blobs=9822 nmethods=9177 adapters=554
 compilation: enabled

Compilation events (10 events):
Event: 57326.887 Thread 0x000000001da59000 12522       3       java.util.concurrent.ScheduledThreadPoolExecutor$ScheduledFutureTask::cancel (38 bytes)
Event: 57326.888 Thread 0x000000001da59000 nmethod 12522 0x0000000003dffc90 code [0x0000000003dffe20, 0x0000000003e00308]
Event: 57427.139 Thread 0x000000001da59000 12523       3       java.util.LinkedHashMap::afterNodeRemoval (65 bytes)
Event: 57427.139 Thread 0x000000001da59000 nmethod 12523 0x0000000003ba6590 code [0x0000000003ba6700, 0x0000000003ba6ab0]
Event: 58114.216 Thread 0x000000001da59000 12524       3       sun.security.ssl.SSLAlgorithmDecomposer::decomposes (247 bytes)
Event: 58114.216 Thread 0x000000001da47000 12526       4       sun.security.util.AbstractAlgorithmConstraints::checkAlgorithm (138 bytes)
Event: 58114.217 Thread 0x000000001da59000 nmethod 12524 0x000000000455fbd0 code [0x000000000455ff60, 0x0000000004562298]
Event: 58114.217 Thread 0x000000001da59000 12525       3       sun.security.ssl.SSLAlgorithmDecomposer::decomposes (175 bytes)
Event: 58114.218 Thread 0x000000001da59000 nmethod 12525 0x0000000003c80490 code [0x0000000003c807e0, 0x0000000003c827f8]
Event: 58114.219 Thread 0x000000001da59000 12527  s!   3       sun.security.ssl.JsseJce::isEcAvailable (61 bytes)

GC Heap History (10 events):
Event: 58103.697 GC heap before
{Heap before GC invocations=30159 (full 217):
 PSYoungGen      total 197120K, used 195965K [0x000000076b200000, 0x0000000778500000, 0x00000007c0000000)
  eden space 183808K, 100% used [0x000000076b200000,0x0000000776580000,0x0000000776580000)
  from space 13312K, 91% used [0x0000000776b00000,0x00000007776df6f0,0x0000000777800000)
  to   space 10752K, 0% used [0x0000000777a80000,0x0000000777a80000,0x0000000778500000)
 ParOldGen       total 1016320K, used 909459K [0x00000006c1600000, 0x00000006ff680000, 0x000000076b200000)
  object space 1016320K, 89% used [0x00000006c1600000,0x00000006f8e24ce8,0x00000006ff680000)
 Metaspace       used 82853K, capacity 83526K, committed 84132K, reserved 1122304K
  class space    used 11474K, capacity 11655K, committed 11724K, reserved 1048576K
Event: 58103.709 GC heap after
Heap after GC invocations=30159 (full 217):
 PSYoungGen      total 189952K, used 10749K [0x000000076b200000, 0x0000000778500000, 0x00000007c0000000)
  eden space 179200K, 0% used [0x000000076b200000,0x000000076b200000,0x0000000776100000)
  from space 10752K, 99% used [0x0000000777a80000,0x00000007784ff730,0x0000000778500000)
  to   space 13312K, 0% used [0x0000000776b00000,0x0000000776b00000,0x0000000777800000)
 ParOldGen       total 1016320K, used 910879K [0x00000006c1600000, 0x00000006ff680000, 0x000000076b200000)
  object space 1016320K, 89% used [0x00000006c1600000,0x00000006f8f87cf8,0x00000006ff680000)
 Metaspace       used 82853K, capacity 83526K, committed 84132K, reserved 1122304K
  class space    used 11474K, capacity 11655K, committed 11724K, reserved 1048576K
}
Event: 58105.859 GC heap before
{Heap before GC invocations=30160 (full 217):
 PSYoungGen      total 189952K, used 189949K [0x000000076b200000, 0x0000000778500000, 0x00000007c0000000)
  eden space 179200K, 100% used [0x000000076b200000,0x0000000776100000,0x0000000776100000)
  from space 10752K, 99% used [0x0000000777a80000,0x00000007784ff730,0x0000000778500000)
  to   space 13312K, 0% used [0x0000000776b00000,0x0000000776b00000,0x0000000777800000)
 ParOldGen       total 1016320K, used 910879K [0x00000006c1600000, 0x00000006ff680000, 0x000000076b200000)
  object space 1016320K, 89% used [0x00000006c1600000,0x00000006f8f87cf8,0x00000006ff680000)
 Metaspace       used 82853K, capacity 83526K, committed 84132K, reserved 1122304K
  class space    used 11474K, capacity 11655K, committed 11724K, reserved 1048576K
Event: 58105.871 GC heap after
Heap after GC invocations=30160 (full 217):
 PSYoungGen      total 187392K, used 12253K [0x000000076b200000, 0x0000000777b00000, 0x00000007c0000000)
  eden space 175104K, 0% used [0x000000076b200000,0x000000076b200000,0x0000000775d00000)
  from space 12288K, 99% used [0x0000000776b00000,0x00000007776f77a0,0x0000000777700000)
  to   space 4096K, 0% used [0x0000000777700000,0x0000000777700000,0x0000000777b00000)
 ParOldGen       total 1016320K, used 910975K [0x00000006c1600000, 0x00000006ff680000, 0x000000076b200000)
  object space 1016320K, 89% used [0x00000006c1600000,0x00000006f8f9fcf8,0x00000006ff680000)
 Metaspace       used 82853K, capacity 83526K, committed 84132K, reserved 1122304K
  class space    used 11474K, capacity 11655K, committed 11724K, reserved 1048576K
}
Event: 58107.145 GC heap before
{Heap before GC invocations=30161 (full 217):
 PSYoungGen      total 187392K, used 187357K [0x000000076b200000, 0x0000000777b00000, 0x00000007c0000000)
  eden space 175104K, 100% used [0x000000076b200000,0x0000000775d00000,0x0000000775d00000)
  from space 12288K, 99% used [0x0000000776b00000,0x00000007776f77a0,0x0000000777700000)
  to   space 4096K, 0% used [0x0000000777700000,0x0000000777700000,0x0000000777b00000)
 ParOldGen       total 1016320K, used 910975K [0x00000006c1600000, 0x00000006ff680000, 0x000000076b200000)
  object space 1016320K, 89% used [0x00000006c1600000,0x00000006f8f9fcf8,0x00000006ff680000)
 Metaspace       used 82853K, capacity 83526K, committed 84132K, reserved 1122304K
  class space    used 11474K, capacity 11655K, committed 11724K, reserved 1048576K
Event: 58107.158 GC heap after
Heap after GC invocations=30161 (full 217):
 PSYoungGen      total 192512K, used 4093K [0x000000076b200000, 0x0000000778d80000, 0x00000007c0000000)
  eden space 188416K, 0% used [0x000000076b200000,0x000000076b200000,0x0000000776a00000)
  from space 4096K, 99% used [0x0000000777700000,0x0000000777aff7e8,0x0000000777b00000)
  to   space 13312K, 0% used [0x0000000776a00000,0x0000000776a00000,0x0000000777700000)
 ParOldGen       total 1016320K, used 919119K [0x00000006c1600000, 0x00000006ff680000, 0x000000076b200000)
  object space 1016320K, 90% used [0x00000006c1600000,0x00000006f9793cf8,0x00000006ff680000)
 Metaspace       used 82853K, capacity 83526K, committed 84132K, reserved 1122304K
  class space    used 11474K, capacity 11655K, committed 11724K, reserved 1048576K
}
Event: 58109.513 GC heap before
{Heap before GC invocations=30162 (full 217):
 PSYoungGen      total 192512K, used 192509K [0x000000076b200000, 0x0000000778d80000, 0x00000007c0000000)
  eden space 188416K, 100% used [0x000000076b200000,0x0000000776a00000,0x0000000776a00000)
  from space 4096K, 99% used [0x0000000777700000,0x0000000777aff7e8,0x0000000777b00000)
  to   space 13312K, 0% used [0x0000000776a00000,0x0000000776a00000,0x0000000777700000)
 ParOldGen       total 1016320K, used 919119K [0x00000006c1600000, 0x00000006ff680000, 0x000000076b200000)
  object space 1016320K, 90% used [0x00000006c1600000,0x00000006f9793cf8,0x00000006ff680000)
 Metaspace       used 82853K, capacity 83526K, committed 84132K, reserved 1122304K
  class space    used 11474K, capacity 11655K, committed 11724K, reserved 1048576K
Event: 58109.530 GC heap after
Heap after GC invocations=30162 (full 217):
 PSYoungGen      total 201728K, used 12254K [0x000000076b200000, 0x0000000778d80000, 0x00000007c0000000)
  eden space 188416K, 0% used [0x000000076b200000,0x000000076b200000,0x0000000776a00000)
  from space 13312K, 92% used [0x0000000776a00000,0x00000007775f7850,0x0000000777700000)
  to   space 4096K, 0% used [0x0000000777700000,0x0000000777700000,0x0000000777b00000)
 ParOldGen       total 1016320K, used 919203K [0x00000006c1600000, 0x00000006ff680000, 0x000000076b200000)
  object space 1016320K, 90% used [0x00000006c1600000,0x00000006f97a8d08,0x00000006ff680000)
 Metaspace       used 82853K, capacity 83526K, committed 84132K, reserved 1122304K
  class space    used 11474K, capacity 11655K, committed 11724K, reserved 1048576K
}
Event: 58112.529 GC heap before
{Heap before GC invocations=30163 (full 217):
 PSYoungGen      total 201728K, used 200670K [0x000000076b200000, 0x0000000778d80000, 0x00000007c0000000)
  eden space 188416K, 100% used [0x000000076b200000,0x0000000776a00000,0x0000000776a00000)
  from space 13312K, 92% used [0x0000000776a00000,0x00000007775f7850,0x0000000777700000)
  to   space 4096K, 0% used [0x0000000777700000,0x0000000777700000,0x0000000777b00000)
 ParOldGen       total 1016320K, used 919203K [0x00000006c1600000, 0x00000006ff680000, 0x000000076b200000)
  object space 1016320K, 90% used [0x00000006c1600000,0x00000006f97a8d08,0x00000006ff680000)
 Metaspace       used 82853K, capacity 83526K, committed 84132K, reserved 1122304K
  class space    used 11474K, capacity 11655K, committed 11724K, reserved 1048576K
Event: 58112.544 GC heap after
Heap after GC invocations=30163 (full 217):
 PSYoungGen      total 192512K, used 4094K [0x000000076b200000, 0x0000000778d80000, 0x00000007c0000000)
  eden space 188416K, 0% used [0x000000076b200000,0x000000076b200000,0x0000000776a00000)
  from space 4096K, 99% used [0x0000000777700000,0x0000000777aff980,0x0000000777b00000)
  to   space 13312K, 0% used [0x0000000776a00000,0x0000000776a00000,0x0000000777700000)
 ParOldGen       total 1016320K, used 928047K [0x00000006c1600000, 0x00000006ff680000, 0x000000076b200000)
  object space 1016320K, 91% used [0x00000006c1600000,0x00000006fa04bd18,0x00000006ff680000)
 Metaspace       used 82853K, capacity 83526K, committed 84132K, reserved 1122304K
  class space    used 11474K, capacity 11655K, committed 11724K, reserved 1048576K
}

Deoptimization events (10 events):
Event: 43620.974 Thread 0x000000002405e000 Uncommon trap: reason=unstable_if action=reinterpret pc=0x00000000041cd344 method=java.net.SocketInputStream.read([BIII)I @ 86
Event: 43620.974 Thread 0x000000002405e000 Uncommon trap: reason=unstable_if action=reinterpret pc=0x00000000035e8354 method=sun.security.ssl.InputRecord.readFully(Ljava/io/InputStream;[BII)I @ 28
Event: 43620.974 Thread 0x000000002405e000 Uncommon trap: reason=unstable_if action=reinterpret pc=0x0000000003440248 method=sun.security.ssl.AppInputStream.read([BII)I @ 82
Event: 43620.974 Thread 0x000000002405e000 Uncommon trap: reason=unstable_if action=reinterpret pc=0x00000000044478a0 method=sun.net.www.http.HttpClient.parseHTTPHeader(Lsun/net/www/MessageHeader;Lsun/net/ProgressSource;Lsun/net/www/protocol/http/HttpURLConnection;)Z @ 58
Event: 47678.403 Thread 0x000000002405e000 Uncommon trap: reason=unstable_if action=reinterpret pc=0x0000000004482a34 method=sun.misc.FloatingDecimal$BinaryToASCIIBuffer.dtoa(IJIZ)V @ 806
Event: 55034.275 Thread 0x000000002405e000 Uncommon trap: reason=unstable_if action=reinterpret pc=0x00000000041ddf6c method=java.lang.Thread.sleep(JI)V @ 49
Event: 55445.112 Thread 0x000000002521c000 Uncommon trap: reason=unstable_if action=reinterpret pc=0x0000000003b51edc method=java.util.concurrent.ConcurrentLinkedQueue.first()Ljava/util/concurrent/ConcurrentLinkedQueue$Node; @ 54
Event: 58114.215 Thread 0x000000002405e000 Uncommon trap: reason=unstable_if action=reinterpret pc=0x0000000004585e78 method=sun.net.www.protocol.https.HttpsClient.putInKeepAliveCache()V @ 4
Event: 58114.215 Thread 0x000000002405e000 Uncommon trap: reason=unloaded action=reinterpret pc=0x0000000004666ec8 method=com.restfb.DefaultFacebookClient.makeRequestAndProcessResponse(Lcom/restfb/DefaultFacebookClient$Requestor;)Ljava/lang/String; @ 11
Event: 58114.215 Thread 0x000000002405e000 Uncommon trap: reason=unstable_if action=reinterpret pc=0x0000000003236758 method=java.util.Formatter$FormatSpecifier.printInteger(Ljava/lang/Object;Ljava/util/Locale;)V @ 1

Internal exceptions (10 events):
Event: 30573.131 Thread 0x000000002405e000 Implicit null exception at 0x0000000002e22f25 to 0x0000000002e23035
Event: 30577.671 Thread 0x000000002405e000 Implicit null exception at 0x00000000047c01a7 to 0x00000000047c0a31
Event: 30577.672 Thread 0x000000002405e000 Implicit null exception at 0x00000000047d16e7 to 0x00000000047d1da1
Event: 30577.780 Thread 0x000000002405e000 Implicit null exception at 0x0000000003729018 to 0x000000000372be91
Event: 35439.131 Thread 0x000000002405e000 Implicit null exception at 0x0000000004569e01 to 0x000000000456f6f1
Event: 35441.453 Thread 0x000000002405e000 Implicit null exception at 0x0000000004569e01 to 0x000000000456f6f1
Event: 38600.669 Thread 0x000000002405e000 Implicit null exception at 0x0000000003583d5f to 0x0000000003584edd
Event: 58114.215 Thread 0x000000002405e000 Exception <a 'java/lang/OutOfMemoryError': unable to create new native thread> (0x0000000772975c40) thrown at [C:\re\workspace\8-2-build-windows-amd64-cygwin\jdk8u91\7017\hotspot\src\share\vm\prims\jvm.cpp, line 3020]
Event: 58114.215 Thread 0x000000002405e000 Exception <a 'java/lang/OutOfMemoryError'> (0x0000000772975c40) thrown at [C:\re\workspace\8-2-build-windows-amd64-cygwin\jdk8u91\7017\hotspot\src\share\vm\prims\jvm.cpp, line 1390]
Event: 58114.215 Thread 0x000000002405e000 Implicit null exception at 0x0000000003235c9a to 0x0000000003236741

Events (10 events):
Event: 58114.133 Thread 0x00000000251d5000 Thread exited: 0x00000000251d5000
Event: 58114.215 Thread 0x000000002405e000 Uncommon trap: trap_request=0xffffff65 fr.pc=0x0000000004585e78
Event: 58114.215 Thread 0x000000002405e000 DEOPT PACKING pc=0x0000000004585e78 sp=0x000000002ca7dce0
Event: 58114.215 Thread 0x000000002405e000 DEOPT UNPACKING pc=0x0000000002b9582a sp=0x000000002ca7dc70 mode 2
Event: 58114.215 Thread 0x000000002405e000 Uncommon trap: trap_request=0x000000e6 fr.pc=0x0000000004666ec8
Event: 58114.215 Thread 0x000000002405e000 DEOPT PACKING pc=0x0000000004666ec8 sp=0x000000002ca7df20
Event: 58114.215 Thread 0x000000002405e000 DEOPT UNPACKING pc=0x0000000002b9582a sp=0x000000002ca7ddd0 mode 2
Event: 58114.215 Thread 0x000000002405e000 Uncommon trap: trap_request=0xffffff65 fr.pc=0x0000000003236758
Event: 58114.215 Thread 0x000000002405e000 DEOPT PACKING pc=0x0000000003236758 sp=0x000000002ca7dac0
Event: 58114.215 Thread 0x000000002405e000 DEOPT UNPACKING pc=0x0000000002b9582a sp=0x000000002ca7da38 mode 2


Dynamic libraries:
0x000000013f600000 - 0x000000013f637000 	C:\Program Files\Java\jre1.8.0_91\bin\java.exe
0x0000000077600000 - 0x00000000777aa000 	C:\Windows\SYSTEM32\ntdll.dll
0x0000000077160000 - 0x000000007727f000 	C:\Windows\system32\kernel32.dll
0x000007fefdd60000 - 0x000007fefddca000 	C:\Windows\system32\KERNELBASE.dll
0x000007fefee80000 - 0x000007fefef5b000 	C:\Windows\system32\ADVAPI32.dll
0x000007feff280000 - 0x000007feff31f000 	C:\Windows\system32\msvcrt.dll
0x000007feff8c0000 - 0x000007feff8df000 	C:\Windows\SYSTEM32\sechost.dll
0x000007feff5a0000 - 0x000007feff6cd000 	C:\Windows\system32\RPCRT4.dll
0x0000000076f00000 - 0x0000000076ffa000 	C:\Windows\system32\USER32.dll
0x000007feff460000 - 0x000007feff4c7000 	C:\Windows\system32\GDI32.dll
0x000007feff210000 - 0x000007feff21e000 	C:\Windows\system32\LPK.dll
0x000007feff140000 - 0x000007feff20a000 	C:\Windows\system32\USP10.dll
0x000007fefc4f0000 - 0x000007fefc6e4000 	C:\Windows\WinSxS\amd64_microsoft.windows.common-controls_6595b64144ccf1df_6.0.7601.18837_none_fa3b1e3d17594757\COMCTL32.dll
0x000007fefe070000 - 0x000007fefe0e1000 	C:\Windows\system32\SHLWAPI.dll
0x000007feff8e0000 - 0x000007feff90e000 	C:\Windows\system32\IMM32.DLL
0x000007feff7b0000 - 0x000007feff8b9000 	C:\Windows\system32\MSCTF.dll
0x0000000078cb0000 - 0x0000000078d82000 	C:\Program Files\Java\jre1.8.0_91\bin\msvcr100.dll
0x000000006f590000 - 0x000000006fe23000 	C:\Program Files\Java\jre1.8.0_91\bin\server\jvm.dll
0x000007fefa9b0000 - 0x000007fefa9b9000 	C:\Windows\system32\WSOCK32.dll
0x000007feff550000 - 0x000007feff59d000 	C:\Windows\system32\WS2_32.dll
0x000007fefe060000 - 0x000007fefe068000 	C:\Windows\system32\NSI.dll
0x000007fefb640000 - 0x000007fefb67b000 	C:\Windows\system32\WINMM.dll
0x000007fefcbb0000 - 0x000007fefcbbc000 	C:\Windows\system32\VERSION.dll
0x00000000777d0000 - 0x00000000777d7000 	C:\Windows\system32\PSAPI.DLL
0x0000000074e10000 - 0x0000000074e1f000 	C:\Program Files\Java\jre1.8.0_91\bin\verify.dll
0x0000000000240000 - 0x0000000000269000 	C:\Program Files\Java\jre1.8.0_91\bin\java.dll
0x0000000074a20000 - 0x0000000074a36000 	C:\Program Files\Java\jre1.8.0_91\bin\zip.dll
0x000007fefe0f0000 - 0x000007fefee7c000 	C:\Windows\system32\SHELL32.dll
0x000007fefde30000 - 0x000007fefe033000 	C:\Windows\system32\ole32.dll
0x000007fefda60000 - 0x000007fefda6f000 	C:\Windows\system32\profapi.dll
0x000007fefd410000 - 0x000007fefd428000 	C:\Windows\system32\CRYPTSP.dll
0x000007fefd010000 - 0x000007fefd057000 	C:\Windows\system32\rsaenh.dll
0x000007fefcd90000 - 0x000007fefcdae000 	C:\Windows\system32\USERENV.dll
0x000007fefd990000 - 0x000007fefd99f000 	C:\Windows\system32\CRYPTBASE.dll
0x0000000074cb0000 - 0x0000000074cca000 	C:\Program Files\Java\jre1.8.0_91\bin\net.dll
0x000007fefd270000 - 0x000007fefd2c5000 	C:\Windows\system32\mswsock.dll
0x000007fefd4f0000 - 0x000007fefd4f7000 	C:\Windows\System32\wship6.dll
0x000007fefaa70000 - 0x000007fefaa97000 	C:\Windows\system32\IPHLPAPI.DLL
0x000007fefaa60000 - 0x000007fefaa6b000 	C:\Windows\system32\WINNSI.DLL
0x000007fefa1e0000 - 0x000007fefa1f1000 	C:\Windows\system32\dhcpcsvc6.DLL
0x000007fefa1c0000 - 0x000007fefa1d8000 	C:\Windows\system32\dhcpcsvc.DLL
0x0000000000410000 - 0x0000000000421000 	C:\Program Files\Java\jre1.8.0_91\bin\nio.dll
0x000007fefd930000 - 0x000007fefd987000 	C:\Windows\system32\apphelp.dll
0x000007fefb470000 - 0x000007fefb485000 	C:\Windows\system32\NLAapi.dll
0x000007fef65a0000 - 0x000007fef65b5000 	C:\Windows\system32\napinsp.dll
0x000007fef6500000 - 0x000007fef6519000 	C:\Windows\system32\pnrpnsp.dll
0x000007fefd0a0000 - 0x000007fefd0fb000 	C:\Windows\system32\DNSAPI.dll
0x000007fef64f0000 - 0x000007fef64fb000 	C:\Windows\System32\winrnr.dll
0x000007fefcc80000 - 0x000007fefcc87000 	C:\Windows\System32\wshtcpip.dll
0x000007fef5df0000 - 0x000007fef5df8000 	C:\Windows\system32\rasadhlp.dll
0x000007fefa260000 - 0x000007fefa2b3000 	C:\Windows\System32\fwpuclnt.dll
0x00000000643a0000 - 0x00000000643c4000 	C:\Program Files\Java\jre1.8.0_91\bin\sunec.dll

VM Arguments:
jvm_args: -Djna.nosys=true -Dfork.run.log.level=info -Dfork.run.log.events=true 
java_command: play.forkrun.ForkRun C:\Workspace\SocialCrawler root/playForkConfig
java_class_path (initial): C:\Users\jdclark.FSCA\.ivy2\cache\com.typesafe.play\fork-run_2.11\jars\fork-run_2.11-2.5.2.jar;C:\Users\jdclark.FSCA\.ivy2\cache\org.scala-lang\scala-library\jars\scala-library-2.11.7.jar;C:\Users\jdclark.FSCA\.ivy2\cache\com.typesafe.play\fork-run-protocol_2.11\jars\fork-run-protocol_2.11-2.5.2.jar;C:\Users\jdclark.FSCA\.ivy2\cache\com.typesafe.play\run-support_2.11\jars\run-support_2.11-2.5.2.jar;C:\Users\jdclark.FSCA\.ivy2\cache\com.typesafe.play\build-link\jars\build-link-2.5.2.jar;C:\Users\jdclark.FSCA\.ivy2\cache\com.typesafe.play\play-exceptions\jars\play-exceptions-2.5.2.jar;C:\Users\jdclark.FSCA\.ivy2\cache\com.typesafe.sbtrc\client-2-11\jars\client-2-11-0.3.1.jar;C:\Users\jdclark.FSCA\.ivy2\cache\org.scala-lang\scala-reflect\jars\scala-reflect-2.11.5.jar;C:\Users\jdclark.FSCA\.ivy2\cache\org.scala-sbt\serialization_2.11\jars\serialization_2.11-0.1.0.jar;C:\Users\jdclark.FSCA\.ivy2\cache\org.scala-lang.modules\scala-pickling_2.11\jars\scala-pickling_2.11-0.10.0.jar;C:\Users\jdclark.FSCA\.ivy2\cache\org.scala-lang\scala-compiler\jars\scala-compiler-2.11.4.jar;C:\Users\jdclark.FSCA\.ivy2\cache\org.scala-lang.modules\scala-xml_2.11\bundles\scala-xml_2.11-1.0.2.jar;C:\Users\jdclark.FSCA\.ivy2\cache\org.scala-lang.modules\scala-parser-combinators_2.11\bundles\scala-parser-combinators_2.11-1.0.2.jar;C:\Users\jdclark.FSCA\.ivy2\cache\org.json4s\json4s-core_2.11\jars\json4s-core_2.11-3.2.10.jar;C:\Users\jdclark.FSCA\.ivy2\cache\org.json4s\json4s-ast_2.11\jars\json4s-ast_2.11-3.2.10.jar;C:\Users\jdclark.FSCA\.ivy2\cache\com.thoughtworks.paranamer\paranamer\jars\paranamer-2.6.jar;C:\Users\jdclark.FSCA\.ivy2\cache\org.spire-math\jawn-parser_2.11\jars\jawn-parser_2.11-0.6.0.jar;C:\Users\jdclark.FSCA\.ivy2\cache\org.spire-math\json4s-support_2.11\jars\json4s-support_2.11-0.6.0.jar;C:\Users\jdclark.FSCA\.ivy2\cache\org.scala-sbt\launcher-interface\jars\launcher-interface-0.13.8-M3.jar;C:\Users\jdclark.FSCA\.ivy2\cache\org.scala-sbt\interface\
Launcher Type: SUN_STANDARD

Environment Variables:
PATH=C:\Program Files (x86)\Python35-32\Scripts\;C:\Program Files (x86)\Python35-32\;C:\ProgramData\Oracle\Java\javapath;C:\Windows\system32;C:\Windows;C:\Windows\System32\Wbem;C:\Windows\System32\WindowsPowerShell\v1.0\;C:\Program Files (x86)\MySQL\MySQL Fabric 1.5 & MySQL Utilities 1.5\;C:\Program Files (x86)\MySQL\MySQL Fabric 1.5 & MySQL Utilities 1.5\Doctrine extensions for PHP\;C:\Program Files\Java\jdk1.8.0_65\bin
USERNAME=jdclark
OS=Windows_NT
PROCESSOR_IDENTIFIER=Intel64 Family 6 Model 60 Stepping 3, GenuineIntel



---------------  S Y S T E M  ---------------

OS: Windows 7 , 64 bit Build 7601 (6.1.7601.23418)

CPU:total 8 (4 cores per cpu, 2 threads per core) family 6 model 60 stepping 3, cmov, cx8, fxsr, mmx, sse, sse2, sse3, ssse3, sse4.1, sse4.2, popcnt, avx, avx2, aes, clmul, erms, lzcnt, ht, tsc, tscinvbit, bmi1, bmi2

Memory: 4k page, physical 16683192k(1623520k free), swap 16681332k(5116k free)

vm_info: Java HotSpot(TM) 64-Bit Server VM (25.91-b15) for windows-amd64 JRE (1.8.0_91-b15), built on May 20 2016 17:43:15 by "java_re" with MS VC++ 10.0 (VS2010)

time: Tue Aug 16 04:45:07 2016
elapsed time: 58114 seconds (0d 16h 8m 34s)

